[2022-09-06 11:39:43,109][MainThread:4299490688][task_id:instance][src.py:11][INFO][检查实例：test9中。。。]
[2022-09-06 11:41:51,247][MainThread:4299490688][task_id:instance][src.py:11][INFO][检查实例：test5中。。。]
[2022-09-06 11:58:08,883][MainThread:4371711360][task_id:instance][src.py:11][INFO][检查实例：test9中。。。]
[2022-09-06 11:58:08,883][MainThread:4371711360][task_id:instance][src.py:15][INFO][当前检查项：未使用过的索引.]
[2022-09-06 11:58:11,867][MainThread:4371711360][task_id:instance][src.py:15][INFO][当前检查项：重复索引.]
[2022-09-06 11:58:48,987][MainThread:4371711360][task_id:instance][src.py:15][INFO][当前检查项：包含主键的索引.]
[2022-09-06 11:58:50,905][MainThread:4371711360][task_id:instance][src.py:15][INFO][当前检查项：无主键的表.]
[2022-09-06 12:00:13,891][MainThread:4371711360][task_id:instance][src.py:15][INFO][当前检查项：热点表TOP10.]
[2022-09-06 12:00:15,681][MainThread:4371711360][task_id:instance][src.py:15][INFO][当前检查项：碎片超过30%的表.]
[2022-09-06 12:00:17,621][MainThread:4371711360][task_id:instance][src.py:11][INFO][检查实例：test5中。。。]
[2022-09-06 12:00:17,622][MainThread:4371711360][task_id:instance][src.py:15][INFO][当前检查项：未使用过的索引.]
[2022-09-06 12:00:21,153][MainThread:4371711360][task_id:instance][src.py:15][INFO][当前检查项：重复索引.]
[2022-09-06 12:01:08,249][MainThread:4371711360][task_id:instance][src.py:15][INFO][当前检查项：包含主键的索引.]
[2022-09-06 12:01:10,248][MainThread:4371711360][task_id:instance][src.py:15][INFO][当前检查项：无主键的表.]
[2022-09-06 12:02:53,736][MainThread:4371711360][task_id:instance][src.py:15][INFO][当前检查项：热点表TOP10.]
[2022-09-06 12:02:55,525][MainThread:4371711360][task_id:instance][src.py:15][INFO][当前检查项：碎片超过30%的表.]
[2022-09-07 11:41:36,382][MainThread:4333143424][task_id:instance][src.py:11][INFO][检查实例：test9中。。。]
[2022-09-07 11:41:36,382][MainThread:4333143424][task_id:instance][src.py:15][INFO][当前检查项：未使用过的索引.]
[2022-09-07 11:41:40,540][MainThread:4333143424][task_id:instance][src.py:15][INFO][当前检查项：重复索引.]
[2022-09-07 11:42:18,076][MainThread:4333143424][task_id:instance][src.py:15][INFO][当前检查项：包含主键的索引.]
[2022-09-07 11:42:19,889][MainThread:4333143424][task_id:instance][src.py:15][INFO][当前检查项：无主键的表.]
[2022-09-07 11:43:39,636][MainThread:4333143424][task_id:instance][src.py:15][INFO][当前检查项：热点表TOP10.]
[2022-09-07 11:43:41,355][MainThread:4333143424][task_id:instance][src.py:15][INFO][当前检查项：碎片超过30%的表.]
[2022-09-07 11:43:43,133][MainThread:4333143424][task_id:instance][src.py:11][INFO][检查实例：test5中。。。]
[2022-09-07 11:43:43,134][MainThread:4333143424][task_id:instance][src.py:15][INFO][当前检查项：未使用过的索引.]
[2022-09-07 11:43:47,005][MainThread:4333143424][task_id:instance][src.py:15][INFO][当前检查项：重复索引.]
[2022-09-07 11:44:43,229][MainThread:4333143424][task_id:instance][src.py:15][INFO][当前检查项：包含主键的索引.]
[2022-09-07 11:44:44,997][MainThread:4333143424][task_id:instance][src.py:15][INFO][当前检查项：无主键的表.]
[2022-09-07 11:46:46,269][MainThread:4333143424][task_id:mysql][check.py:13][ERROR][(3024, 'Query execution was interrupted, maximum statement execution time exceeded')]
[2022-09-07 14:22:07,952][MainThread:4375692672][task_id:instance][src.py:11][INFO][检查实例：test9中。。。]
[2022-09-07 14:22:07,952][MainThread:4375692672][task_id:instance][src.py:15][INFO][当前检查项：未使用过的索引.]
[2022-09-07 14:22:11,484][MainThread:4375692672][task_id:instance][src.py:15][INFO][当前检查项：重复索引.]
[2022-09-07 14:22:48,213][MainThread:4375692672][task_id:instance][src.py:15][INFO][当前检查项：包含主键的索引.]
[2022-09-07 14:22:50,067][MainThread:4375692672][task_id:instance][src.py:15][INFO][当前检查项：无主键的表.]
[2022-09-07 14:24:10,282][MainThread:4375692672][task_id:instance][src.py:15][INFO][当前检查项：热点表TOP10.]
[2022-09-07 14:24:12,042][MainThread:4375692672][task_id:instance][src.py:15][INFO][当前检查项：碎片超过30%的表.]
[2022-09-07 14:24:13,864][MainThread:4375692672][task_id:instance][src.py:26][ERROR][未获取到值，请检查！]
[2022-09-07 14:24:13,865][MainThread:4375692672][task_id:instance][src.py:11][INFO][检查实例：test5中。。。]
[2022-09-07 14:24:13,865][MainThread:4375692672][task_id:instance][src.py:15][INFO][当前检查项：未使用过的索引.]
[2022-09-07 14:24:17,955][MainThread:4375692672][task_id:instance][src.py:15][INFO][当前检查项：重复索引.]
[2022-09-07 14:25:13,238][MainThread:4375692672][task_id:instance][src.py:15][INFO][当前检查项：包含主键的索引.]
[2022-09-07 14:25:15,156][MainThread:4375692672][task_id:instance][src.py:15][INFO][当前检查项：无主键的表.]
[2022-09-07 14:27:11,108][MainThread:4375692672][task_id:instance][src.py:15][INFO][当前检查项：热点表TOP10.]
[2022-09-07 14:27:13,233][MainThread:4375692672][task_id:instance][src.py:15][INFO][当前检查项：碎片超过30%的表.]
[2022-09-07 14:35:31,058][MainThread:4340696448][task_id:instance][src.py:11][INFO][检查实例：test9中。。。]
[2022-09-07 14:35:31,059][MainThread:4340696448][task_id:instance][src.py:15][INFO][当前检查项：未使用过的索引.]
[2022-09-07 14:35:34,207][MainThread:4340696448][task_id:instance][src.py:15][INFO][当前检查项：重复索引.]
[2022-09-07 14:36:10,883][MainThread:4340696448][task_id:instance][src.py:15][INFO][当前检查项：包含主键的索引.]
[2022-09-07 14:36:12,729][MainThread:4340696448][task_id:instance][src.py:15][INFO][当前检查项：无主键的表.]
[2022-09-07 14:37:32,357][MainThread:4340696448][task_id:instance][src.py:15][INFO][当前检查项：热点表TOP10.]
[2022-09-07 14:37:34,062][MainThread:4340696448][task_id:instance][src.py:15][INFO][当前检查项：碎片超过30%的表.]
[2022-09-07 14:37:39,790][MainThread:4340696448][task_id:instance][src.py:26][ERROR][未获取到值，请检查！]
[2022-09-07 14:37:39,791][MainThread:4340696448][task_id:instance][src.py:11][INFO][检查实例：test5中。。。]
[2022-09-07 14:37:39,791][MainThread:4340696448][task_id:instance][src.py:15][INFO][当前检查项：未使用过的索引.]
[2022-09-07 14:37:43,521][MainThread:4340696448][task_id:instance][src.py:15][INFO][当前检查项：重复索引.]
[2022-09-07 14:38:38,142][MainThread:4340696448][task_id:instance][src.py:15][INFO][当前检查项：包含主键的索引.]
[2022-09-07 14:38:40,240][MainThread:4340696448][task_id:instance][src.py:15][INFO][当前检查项：无主键的表.]
[2022-09-07 14:40:38,029][MainThread:4340696448][task_id:instance][src.py:15][INFO][当前检查项：热点表TOP10.]
[2022-09-07 14:40:39,981][MainThread:4340696448][task_id:instance][src.py:15][INFO][当前检查项：碎片超过30%的表.]
[2022-09-07 14:46:56,148][MainThread:4379624832][task_id:instance][src.py:11][INFO][检查实例：test9中。。。]
[2022-09-07 14:46:56,148][MainThread:4379624832][task_id:instance][src.py:15][INFO][当前检查项：未使用过的索引.]
[2022-09-07 14:46:59,355][MainThread:4379624832][task_id:instance][src.py:15][INFO][当前检查项：重复索引.]
[2022-09-07 14:47:35,206][MainThread:4379624832][task_id:instance][src.py:15][INFO][当前检查项：包含主键的索引.]
[2022-09-07 14:47:37,084][MainThread:4379624832][task_id:instance][src.py:15][INFO][当前检查项：无主键的表.]
[2022-09-07 14:48:55,856][MainThread:4379624832][task_id:instance][src.py:15][INFO][当前检查项：热点表TOP10.]
[2022-09-07 14:48:57,511][MainThread:4379624832][task_id:instance][src.py:15][INFO][当前检查项：碎片超过30%的表.]
[2022-09-07 14:48:59,304][MainThread:4379624832][task_id:instance][src.py:26][ERROR][未获取到值，请检查！]
[2022-09-07 14:48:59,304][MainThread:4379624832][task_id:instance][src.py:11][INFO][检查实例：test5中。。。]
[2022-09-07 14:48:59,304][MainThread:4379624832][task_id:instance][src.py:15][INFO][当前检查项：未使用过的索引.]
[2022-09-07 14:49:03,309][MainThread:4379624832][task_id:instance][src.py:15][INFO][当前检查项：重复索引.]
[2022-09-07 14:49:54,815][MainThread:4379624832][task_id:instance][src.py:15][INFO][当前检查项：包含主键的索引.]
[2022-09-07 14:49:56,800][MainThread:4379624832][task_id:instance][src.py:15][INFO][当前检查项：无主键的表.]
[2022-09-07 14:51:58,148][MainThread:4379624832][task_id:mysql][check.py:13][ERROR][(3024, 'Query execution was interrupted, maximum statement execution time exceeded')]
[2022-09-07 14:51:58,153][MainThread:4379624832][task_id:instance][src.py:26][ERROR][未获取到值，请检查！]
[2022-09-07 14:51:58,153][MainThread:4379624832][task_id:instance][src.py:15][INFO][当前检查项：热点表TOP10.]
[2022-09-07 14:52:00,221][MainThread:4379624832][task_id:instance][src.py:15][INFO][当前检查项：碎片超过30%的表.]
[2022-09-07 14:59:33,358][MainThread:4373300608][task_id:instance][src.py:11][INFO][检查实例：test9中。。。]
[2022-09-07 14:59:33,359][MainThread:4373300608][task_id:instance][src.py:15][INFO][当前检查项：未使用过的索引.]
[2022-09-07 14:59:36,799][MainThread:4373300608][task_id:instance][src.py:15][INFO][当前检查项：重复索引.]
[2022-09-07 15:00:15,911][MainThread:4373300608][task_id:instance][src.py:15][INFO][当前检查项：包含主键的索引.]
[2022-09-07 15:00:17,879][MainThread:4373300608][task_id:instance][src.py:15][INFO][当前检查项：无主键的表.]
[2022-09-07 15:01:38,375][MainThread:4373300608][task_id:instance][src.py:15][INFO][当前检查项：热点表TOP10.]
[2022-09-07 15:01:40,353][MainThread:4373300608][task_id:instance][src.py:15][INFO][当前检查项：碎片超过30%的表.]
[2022-09-07 15:01:42,213][MainThread:4373300608][task_id:instance][src.py:26][ERROR][未获取到值，请检查！]
[2022-09-07 15:01:42,213][MainThread:4373300608][task_id:instance][src.py:11][INFO][检查实例：test5中。。。]
[2022-09-07 15:01:42,213][MainThread:4373300608][task_id:instance][src.py:15][INFO][当前检查项：未使用过的索引.]
[2022-09-07 15:01:46,406][MainThread:4373300608][task_id:instance][src.py:15][INFO][当前检查项：重复索引.]
[2022-09-07 15:02:34,004][MainThread:4373300608][task_id:instance][src.py:15][INFO][当前检查项：包含主键的索引.]
[2022-09-07 15:02:36,220][MainThread:4373300608][task_id:instance][src.py:15][INFO][当前检查项：无主键的表.]
[2022-09-07 15:04:27,496][MainThread:4373300608][task_id:instance][src.py:15][INFO][当前检查项：热点表TOP10.]
[2022-09-07 15:04:29,488][MainThread:4373300608][task_id:instance][src.py:15][INFO][当前检查项：碎片超过30%的表.]
[2022-09-07 15:54:53,821][MainThread:4301899136][task_id:instance][src.py:11][INFO][检查实例：test9中。。。]
[2022-09-07 15:54:53,822][MainThread:4301899136][task_id:instance][src.py:15][INFO][当前检查项：未使用过的索引.]
[2022-09-07 15:54:57,256][MainThread:4301899136][task_id:instance][src.py:15][INFO][当前检查项：重复索引.]
[2022-09-07 15:55:34,493][MainThread:4301899136][task_id:instance][src.py:15][INFO][当前检查项：包含主键的索引.]
[2022-09-07 15:55:36,617][MainThread:4301899136][task_id:instance][src.py:15][INFO][当前检查项：无主键的表.]
[2022-09-07 15:56:57,339][MainThread:4301899136][task_id:instance][src.py:15][INFO][当前检查项：热点表TOP10.]
[2022-09-07 15:56:59,117][MainThread:4301899136][task_id:instance][src.py:15][INFO][当前检查项：碎片超过30%的表.]
[2022-09-07 15:57:01,341][MainThread:4301899136][task_id:instance][src.py:26][ERROR][未获取到值，请检查！]
[2022-09-07 15:57:01,341][MainThread:4301899136][task_id:instance][src.py:11][INFO][检查实例：test5中。。。]
[2022-09-07 15:57:01,342][MainThread:4301899136][task_id:instance][src.py:15][INFO][当前检查项：未使用过的索引.]
[2022-09-07 15:57:05,219][MainThread:4301899136][task_id:instance][src.py:15][INFO][当前检查项：重复索引.]
[2022-09-07 15:58:06,288][MainThread:4301899136][task_id:instance][src.py:15][INFO][当前检查项：包含主键的索引.]
[2022-09-07 15:58:08,935][MainThread:4301899136][task_id:instance][src.py:15][INFO][当前检查项：无主键的表.]
[2022-09-07 16:00:10,542][MainThread:4301899136][task_id:mysql][check.py:13][ERROR][(3024, 'Query execution was interrupted, maximum statement execution time exceeded')]
[2022-09-07 16:00:10,543][MainThread:4301899136][task_id:instance][src.py:26][ERROR][未获取到值，请检查！]
[2022-09-07 16:00:10,544][MainThread:4301899136][task_id:instance][src.py:15][INFO][当前检查项：热点表TOP10.]
[2022-09-07 16:00:12,840][MainThread:4301899136][task_id:instance][src.py:15][INFO][当前检查项：碎片超过30%的表.]
[2022-09-07 17:37:42,733][MainThread:4311434624][task_id:instance][src.py:11][INFO][检查实例：test9中。。。]
[2022-09-07 17:37:42,733][MainThread:4311434624][task_id:instance][src.py:15][INFO][当前检查项：未使用过的索引.]
[2022-09-07 17:37:45,949][MainThread:4311434624][task_id:instance][src.py:15][INFO][当前检查项：重复索引.]
[2022-09-07 17:38:21,907][MainThread:4311434624][task_id:instance][src.py:15][INFO][当前检查项：包含主键的索引.]
[2022-09-07 17:38:23,734][MainThread:4311434624][task_id:instance][src.py:15][INFO][当前检查项：无主键的表.]
[2022-09-07 17:42:09,803][MainThread:4299195776][task_id:instance][src.py:13][INFO][检查实例：test9中。。。]
[2022-09-07 17:42:09,803][MainThread:4299195776][task_id:instance][src.py:17][INFO][当前检查项：未使用过的索引.]
[2022-09-07 17:42:12,808][MainThread:4299195776][task_id:instance][src.py:17][INFO][当前检查项：重复索引.]
[2022-09-07 17:42:48,751][MainThread:4299195776][task_id:instance][src.py:17][INFO][当前检查项：包含主键的索引.]
[2022-09-07 17:42:50,676][MainThread:4299195776][task_id:instance][src.py:17][INFO][当前检查项：无主键的表.]
[2022-09-07 17:44:18,641][MainThread:4348020096][task_id:instance][src.py:13][INFO][检查实例：test9中。。。]
[2022-09-07 17:44:18,641][MainThread:4348020096][task_id:instance][src.py:17][INFO][当前检查项：未使用过的索引.]
[2022-09-07 17:44:21,703][MainThread:4348020096][task_id:instance][src.py:17][INFO][当前检查项：重复索引.]
[2022-09-07 17:44:58,211][MainThread:4348020096][task_id:instance][src.py:17][INFO][当前检查项：包含主键的索引.]
[2022-09-07 17:44:59,953][MainThread:4348020096][task_id:instance][src.py:17][INFO][当前检查项：无主键的表.]
[2022-09-07 17:46:19,051][MainThread:4348020096][task_id:instance][src.py:17][INFO][当前检查项：热点表TOP10.]
[2022-09-07 17:46:20,533][MainThread:4348020096][task_id:instance][src.py:17][INFO][当前检查项：碎片超过30%的表.]
[2022-09-07 17:46:22,328][MainThread:4348020096][task_id:instance][src.py:28][ERROR][未获取到值，请检查！]
[2022-09-07 17:46:22,329][MainThread:4348020096][task_id:instance][src.py:13][INFO][检查实例：test5中。。。]
[2022-09-07 17:46:22,329][MainThread:4348020096][task_id:instance][src.py:17][INFO][当前检查项：未使用过的索引.]
[2022-09-07 17:46:26,227][MainThread:4348020096][task_id:instance][src.py:17][INFO][当前检查项：重复索引.]
[2022-09-07 17:47:23,093][MainThread:4348020096][task_id:instance][src.py:17][INFO][当前检查项：包含主键的索引.]
[2022-09-07 17:47:25,130][MainThread:4348020096][task_id:instance][src.py:17][INFO][当前检查项：无主键的表.]
[2022-09-07 17:49:26,467][MainThread:4348020096][task_id:mysql][check.py:13][ERROR][(3024, 'Query execution was interrupted, maximum statement execution time exceeded')]
[2022-09-07 17:49:26,470][MainThread:4348020096][task_id:instance][src.py:28][ERROR][未获取到值，请检查！]
[2022-09-07 17:49:26,470][MainThread:4348020096][task_id:instance][src.py:17][INFO][当前检查项：热点表TOP10.]
[2022-09-07 17:49:28,664][MainThread:4348020096][task_id:instance][src.py:17][INFO][当前检查项：碎片超过30%的表.]
[2022-09-07 19:29:25,959][MainThread:4365272448][task_id:instance][src.py:13][INFO][检查实例：test9中。。。]
[2022-09-07 19:29:25,959][MainThread:4365272448][task_id:instance][src.py:17][INFO][当前检查项：未使用过的索引.]
[2022-09-07 19:29:29,029][MainThread:4365272448][task_id:instance][src.py:17][INFO][当前检查项：重复索引.]
[2022-09-07 19:30:06,383][MainThread:4365272448][task_id:instance][src.py:17][INFO][当前检查项：包含主键的索引.]
[2022-09-07 19:30:08,304][MainThread:4365272448][task_id:instance][src.py:17][INFO][当前检查项：无主键的表.]
[2022-09-07 19:31:28,265][MainThread:4365272448][task_id:instance][src.py:17][INFO][当前检查项：热点表TOP10.]
[2022-09-07 19:31:29,847][MainThread:4365272448][task_id:instance][src.py:17][INFO][当前检查项：碎片超过30%的表.]
[2022-09-07 19:31:31,655][MainThread:4365272448][task_id:instance][src.py:28][ERROR][未获取到值，请检查！]
[2022-09-07 19:31:31,655][MainThread:4365272448][task_id:instance][src.py:13][INFO][检查实例：test5中。。。]
[2022-09-07 19:31:31,655][MainThread:4365272448][task_id:instance][src.py:17][INFO][当前检查项：未使用过的索引.]
[2022-09-07 19:31:35,424][MainThread:4365272448][task_id:instance][src.py:17][INFO][当前检查项：重复索引.]
[2022-09-07 19:32:20,393][MainThread:4365272448][task_id:instance][src.py:17][INFO][当前检查项：包含主键的索引.]
[2022-09-07 19:32:22,548][MainThread:4365272448][task_id:instance][src.py:17][INFO][当前检查项：无主键的表.]
[2022-09-07 19:34:23,829][MainThread:4365272448][task_id:mysql][check.py:13][ERROR][(3024, 'Query execution was interrupted, maximum statement execution time exceeded')]
[2022-09-07 19:34:23,831][MainThread:4365272448][task_id:instance][src.py:28][ERROR][未获取到值，请检查！]
[2022-09-07 19:34:23,831][MainThread:4365272448][task_id:instance][src.py:17][INFO][当前检查项：热点表TOP10.]
[2022-09-07 19:34:25,708][MainThread:4365272448][task_id:instance][src.py:17][INFO][当前检查项：碎片超过30%的表.]
[2022-09-08 16:52:21,133][MainThread:4381148544][task_id:instance][src.py:15][INFO][检查实例：test9中。。。]
[2022-09-08 16:52:21,133][MainThread:4381148544][task_id:instance][src.py:21][INFO][当前检查项：['库名', '表名', '索引名'].]
[2022-09-08 16:57:37,625][MainThread:4376315264][task_id:instance][src.py:15][INFO][检查实例：test9中。。。]
[2022-09-08 16:57:37,625][MainThread:4376315264][task_id:instance][src.py:21][INFO][当前检查项：['MySQl版本'].]
[2022-09-08 16:58:26,557][MainThread:4333356416][task_id:instance][src.py:15][INFO][检查实例：test9中。。。]
[2022-09-08 16:58:26,557][MainThread:4333356416][task_id:instance][src.py:21][INFO][当前检查项：['MySQl版本'].]
[2022-09-08 17:00:42,924][MainThread:4344989056][task_id:instance][src.py:15][INFO][检查实例：test9中。。。]
[2022-09-08 17:00:42,924][MainThread:4344989056][task_id:instance][src.py:21][INFO][当前检查项：['MySQl版本'].]
[2022-09-08 17:01:00,055][MainThread:4365911424][task_id:instance][src.py:15][INFO][检查实例：test9中。。。]
[2022-09-08 17:01:00,055][MainThread:4365911424][task_id:instance][src.py:21][INFO][当前检查项：['MySQl版本'].]
[2022-09-08 17:01:15,165][MainThread:4302456192][task_id:instance][src.py:15][INFO][检查实例：test9中。。。]
[2022-09-08 17:01:15,165][MainThread:4302456192][task_id:instance][src.py:21][INFO][当前检查项：['MySQl版本'].]
[2022-09-08 17:01:54,644][MainThread:4337026432][task_id:instance][src.py:15][INFO][检查实例：test9中。。。]
[2022-09-08 17:01:54,644][MainThread:4337026432][task_id:instance][src.py:21][INFO][当前检查项：['MySQl版本'].]
[2022-09-08 17:03:23,184][MainThread:4331636096][task_id:instance][src.py:15][INFO][检查实例：test9中。。。]
[2022-09-08 17:03:23,184][MainThread:4331636096][task_id:instance][src.py:21][INFO][当前检查项：['MySQl版本'].]
[2022-09-08 17:04:32,508][MainThread:4374758784][task_id:instance][src.py:15][INFO][检查实例：test9中。。。]
[2022-09-08 17:04:32,508][MainThread:4374758784][task_id:instance][src.py:21][INFO][当前检查项：['MySQl版本'].]
[2022-09-08 17:07:03,537][MainThread:4334208384][task_id:instance][src.py:15][INFO][检查实例：test9中。。。]
[2022-09-08 17:07:03,537][MainThread:4334208384][task_id:instance][src.py:21][INFO][当前检查项：['MySQl版本'].]
[2022-09-08 17:07:05,173][MainThread:4334208384][task_id:instance][src.py:21][INFO][当前检查项：['自动提交'].]
[2022-09-08 17:07:06,653][MainThread:4334208384][task_id:instance][src.py:35][INFO][当前检查项：未使用过的索引.]
[2022-09-08 17:07:09,826][MainThread:4334208384][task_id:instance][src.py:35][INFO][当前检查项：重复索引.]
[2022-09-08 17:07:46,193][MainThread:4334208384][task_id:instance][src.py:35][INFO][当前检查项：包含主键的索引.]
[2022-09-08 17:07:48,331][MainThread:4334208384][task_id:instance][src.py:35][INFO][当前检查项：无主键的表.]
[2022-09-08 17:09:07,959][MainThread:4334208384][task_id:instance][src.py:35][INFO][当前检查项：热点表TOP10.]
[2022-09-08 17:09:09,856][MainThread:4334208384][task_id:instance][src.py:35][INFO][当前检查项：碎片超过30%的表.]
[2022-09-08 17:09:11,839][MainThread:4334208384][task_id:instance][src.py:46][ERROR][未获取到值，请检查！]
[2022-09-08 17:09:11,840][MainThread:4334208384][task_id:instance][src.py:15][INFO][检查实例：test5中。。。]
[2022-09-08 17:09:11,840][MainThread:4334208384][task_id:instance][src.py:21][INFO][当前检查项：['MySQl版本'].]
[2022-09-08 17:09:13,423][MainThread:4334208384][task_id:instance][src.py:21][INFO][当前检查项：['自动提交'].]
[2022-09-08 17:09:14,902][MainThread:4334208384][task_id:instance][src.py:35][INFO][当前检查项：未使用过的索引.]
[2022-09-08 17:09:18,888][MainThread:4334208384][task_id:instance][src.py:35][INFO][当前检查项：重复索引.]
[2022-09-08 17:10:09,623][MainThread:4334208384][task_id:instance][src.py:35][INFO][当前检查项：包含主键的索引.]
[2022-09-08 17:10:11,924][MainThread:4334208384][task_id:instance][src.py:35][INFO][当前检查项：无主键的表.]
[2022-09-08 17:12:13,559][MainThread:4334208384][task_id:mysql][check.py:13][ERROR][(3024, 'Query execution was interrupted, maximum statement execution time exceeded')]
[2022-09-08 17:12:13,562][MainThread:4334208384][task_id:instance][src.py:46][ERROR][未获取到值，请检查！]
[2022-09-08 17:12:13,563][MainThread:4334208384][task_id:instance][src.py:35][INFO][当前检查项：热点表TOP10.]
[2022-09-08 17:12:15,613][MainThread:4334208384][task_id:instance][src.py:35][INFO][当前检查项：碎片超过30%的表.]
[2022-09-08 17:35:54,513][MainThread:4337976704][task_id:instance][src.py:15][INFO][检查实例：test9中。。。]
[2022-09-08 17:35:54,514][MainThread:4337976704][task_id:instance][src.py:21][INFO][当前检查项：['MySQl版本'].]
[2022-09-08 17:35:56,038][MainThread:4337976704][task_id:instance][src.py:21][INFO][当前检查项：['自动提交'].]
[2022-09-08 17:35:57,502][MainThread:4337976704][task_id:instance][src.py:35][INFO][当前检查项：未使用过的索引.]
[2022-09-08 17:36:00,859][MainThread:4337976704][task_id:instance][src.py:35][INFO][当前检查项：重复索引.]
[2022-09-08 17:36:37,559][MainThread:4337976704][task_id:instance][src.py:35][INFO][当前检查项：包含主键的索引.]
[2022-09-08 17:36:39,690][MainThread:4337976704][task_id:instance][src.py:35][INFO][当前检查项：无主键的表.]
[2022-09-08 17:37:18,402][MainThread:4307797376][task_id:instance][src.py:15][INFO][检查实例：test9中。。。]
[2022-09-08 17:37:18,402][MainThread:4307797376][task_id:instance][src.py:21][INFO][当前检查项：['MySQl版本'].]
[2022-09-08 17:37:20,038][MainThread:4307797376][task_id:instance][src.py:21][INFO][当前检查项：['自动提交'].]
[2022-09-08 17:37:21,371][MainThread:4307797376][task_id:instance][src.py:35][INFO][当前检查项：未使用过的索引.]
[2022-09-08 17:37:24,505][MainThread:4307797376][task_id:instance][src.py:35][INFO][当前检查项：重复索引.]
[2022-09-08 17:38:04,009][MainThread:4307797376][task_id:instance][src.py:35][INFO][当前检查项：包含主键的索引.]
[2022-09-08 17:38:06,123][MainThread:4307797376][task_id:instance][src.py:35][INFO][当前检查项：无主键的表.]
[2022-09-08 17:39:25,997][MainThread:4307797376][task_id:instance][src.py:35][INFO][当前检查项：热点表TOP10.]
[2022-09-08 17:39:27,786][MainThread:4307797376][task_id:instance][src.py:35][INFO][当前检查项：碎片超过30%的表.]
[2022-09-08 17:39:29,665][MainThread:4307797376][task_id:instance][src.py:46][ERROR][未获取到值，请检查！]
[2022-09-08 17:39:29,669][MainThread:4307797376][task_id:instance][src.py:15][INFO][检查实例：test5中。。。]
[2022-09-08 17:39:29,670][MainThread:4307797376][task_id:instance][src.py:21][INFO][当前检查项：['MySQl版本'].]
[2022-09-08 17:39:31,073][MainThread:4307797376][task_id:instance][src.py:21][INFO][当前检查项：['自动提交'].]
[2022-09-08 17:39:32,449][MainThread:4307797376][task_id:instance][src.py:35][INFO][当前检查项：未使用过的索引.]
[2022-09-08 17:39:37,059][MainThread:4307797376][task_id:instance][src.py:35][INFO][当前检查项：重复索引.]
[2022-09-08 17:40:27,917][MainThread:4307797376][task_id:instance][src.py:35][INFO][当前检查项：包含主键的索引.]
[2022-09-08 17:40:30,208][MainThread:4307797376][task_id:instance][src.py:35][INFO][当前检查项：无主键的表.]
[2022-09-08 17:42:20,801][MainThread:4307797376][task_id:instance][src.py:35][INFO][当前检查项：热点表TOP10.]
[2022-09-08 17:42:22,891][MainThread:4307797376][task_id:instance][src.py:35][INFO][当前检查项：碎片超过30%的表.]
[2022-09-08 18:53:01,636][MainThread:4297901440][task_id:instance][src.py:15][INFO][检查实例：test9中。。。]
[2022-09-08 18:53:01,636][MainThread:4297901440][task_id:instance][src.py:21][INFO][当前检查项：['MySQl version'].]
[2022-09-08 18:53:03,806][MainThread:4297901440][task_id:instance][src.py:21][INFO][当前检查项：['uptime(s)'].]
[2022-09-08 18:53:05,370][MainThread:4297901440][task_id:instance][src.py:21][INFO][当前检查项：['autocommit'].]
[2022-09-08 18:53:06,919][MainThread:4297901440][task_id:instance][src.py:21][INFO][当前检查项：['binlog_cache_size(Byte)'].]
[2022-09-08 18:53:08,486][MainThread:4297901440][task_id:instance][src.py:21][INFO][当前检查项：['binlog_format'].]
[2022-09-08 18:53:10,233][MainThread:4297901440][task_id:instance][src.py:21][INFO][当前检查项：['binlog_row_image'].]
[2022-09-08 18:53:11,799][MainThread:4297901440][task_id:instance][src.py:21][INFO][当前检查项：['max_binlog_cache_size(Byte)'].]
[2022-09-08 18:53:13,315][MainThread:4297901440][task_id:instance][src.py:21][INFO][当前检查项：['max_binlog_size(Byte)'].]
[2022-09-08 18:53:14,833][MainThread:4297901440][task_id:instance][src.py:21][INFO][当前检查项：['sync_binlog'].]
[2022-09-08 18:53:16,423][MainThread:4297901440][task_id:instance][src.py:21][INFO][当前检查项：['innodb_flush_log_at_trx_commit'].]
[2022-09-08 18:53:18,109][MainThread:4297901440][task_id:instance][src.py:21][INFO][当前检查项：['innodb_buffer_pool_size(Byte)'].]
[2022-09-08 18:53:19,673][MainThread:4297901440][task_id:instance][src.py:21][INFO][当前检查项：['max_connections'].]
[2022-09-08 18:53:21,149][MainThread:4297901440][task_id:instance][src.py:21][INFO][当前检查项：['innodb_log_file_size(Byte)'].]
[2022-09-08 18:53:22,764][MainThread:4297901440][task_id:instance][src.py:35][INFO][当前检查项：未使用过的索引.]
[2022-09-08 18:53:25,802][MainThread:4297901440][task_id:instance][src.py:35][INFO][当前检查项：重复索引.]
[2022-09-08 18:54:02,948][MainThread:4297901440][task_id:instance][src.py:35][INFO][当前检查项：包含主键的索引.]
[2022-09-08 18:54:04,905][MainThread:4297901440][task_id:instance][src.py:35][INFO][当前检查项：无主键的表.]
[2022-09-08 18:55:24,803][MainThread:4297901440][task_id:instance][src.py:35][INFO][当前检查项：热点表TOP10.]
[2022-09-08 18:55:26,714][MainThread:4297901440][task_id:instance][src.py:35][INFO][当前检查项：碎片超过30%的表.]
[2022-09-08 18:55:28,708][MainThread:4297901440][task_id:instance][src.py:46][ERROR][未获取到值，请检查！]
[2022-09-08 18:55:28,708][MainThread:4297901440][task_id:instance][src.py:15][INFO][检查实例：test5中。。。]
[2022-09-08 18:55:28,708][MainThread:4297901440][task_id:instance][src.py:21][INFO][当前检查项：['MySQl version'].]
[2022-09-08 18:55:30,314][MainThread:4297901440][task_id:instance][src.py:21][INFO][当前检查项：['uptime(s)'].]
[2022-09-08 18:55:32,007][MainThread:4297901440][task_id:instance][src.py:21][INFO][当前检查项：['autocommit'].]
[2022-09-08 18:55:33,626][MainThread:4297901440][task_id:instance][src.py:21][INFO][当前检查项：['binlog_cache_size(Byte)'].]
[2022-09-08 18:55:35,125][MainThread:4297901440][task_id:instance][src.py:21][INFO][当前检查项：['binlog_format'].]
[2022-09-08 18:55:36,796][MainThread:4297901440][task_id:instance][src.py:21][INFO][当前检查项：['binlog_row_image'].]
[2022-09-08 18:55:38,352][MainThread:4297901440][task_id:instance][src.py:21][INFO][当前检查项：['max_binlog_cache_size(Byte)'].]
[2022-09-08 18:55:40,064][MainThread:4297901440][task_id:instance][src.py:21][INFO][当前检查项：['max_binlog_size(Byte)'].]
[2022-09-08 18:55:41,530][MainThread:4297901440][task_id:instance][src.py:21][INFO][当前检查项：['sync_binlog'].]
[2022-09-08 18:55:43,077][MainThread:4297901440][task_id:instance][src.py:21][INFO][当前检查项：['innodb_flush_log_at_trx_commit'].]
[2022-09-08 18:55:44,685][MainThread:4297901440][task_id:instance][src.py:21][INFO][当前检查项：['innodb_buffer_pool_size(Byte)'].]
[2022-09-08 18:55:46,254][MainThread:4297901440][task_id:instance][src.py:21][INFO][当前检查项：['max_connections'].]
[2022-09-08 18:55:47,735][MainThread:4297901440][task_id:instance][src.py:21][INFO][当前检查项：['innodb_log_file_size(Byte)'].]
[2022-09-08 18:55:49,408][MainThread:4297901440][task_id:instance][src.py:35][INFO][当前检查项：未使用过的索引.]
[2022-09-08 18:55:53,310][MainThread:4297901440][task_id:instance][src.py:35][INFO][当前检查项：重复索引.]
[2022-09-08 18:56:53,216][MainThread:4297901440][task_id:instance][src.py:35][INFO][当前检查项：包含主键的索引.]
[2022-09-08 18:56:55,764][MainThread:4297901440][task_id:instance][src.py:35][INFO][当前检查项：无主键的表.]
[2022-09-08 18:58:57,442][MainThread:4297901440][task_id:mysql][check.py:13][ERROR][(3024, 'Query execution was interrupted, maximum statement execution time exceeded')]
[2022-09-08 18:58:57,444][MainThread:4297901440][task_id:instance][src.py:46][ERROR][未获取到值，请检查！]
[2022-09-08 18:58:57,444][MainThread:4297901440][task_id:instance][src.py:35][INFO][当前检查项：热点表TOP10.]
[2022-09-08 18:58:59,691][MainThread:4297901440][task_id:instance][src.py:35][INFO][当前检查项：碎片超过30%的表.]
